2018-Jul-01 07:52:28 Наличие необходимых модулей php (check_php_modules): Ok
Все необходимые модули установлены
2018-Jul-01 07:52:28 Обязательные параметры PHP (check_php_settings): Fail
Ошибка! Значение max_input_vars должно быть не ниже 10000. Текущее значение: 1000
2018-Jul-01 07:52:29 Модули веб-сервера (check_security): Ok
Конфликтов не выявлено
2018-Jul-01 07:52:29 Значения переменных сервера (check_server_vars): Ok
Корректные
2018-Jul-01 07:52:29 Сохранение сессии (check_session): Ok
50% done
2018-Jul-01 07:52:30 Сохранение сессии (check_session): Ok
Успешно
2018-Jul-01 07:52:30 Параметры настройки UTF (mbstring и константа BX_UTF) (check_mbstring): Ok
Правильные. Сайт работает в UTF кодировке
2018-Jul-01 07:52:31 Служебные скрипты в корне сайта (check_install_scripts): Ok
Отсутствуют
2018-Jul-01 07:52:31 Работа с сокетами (check_socket): Ok
Connection to admbitrix.local:80	Success

Успешно
2018-Jul-01 07:52:31 Выполнение агентов на cron (check_bx_crontab): Warning
Замечание. Агенты выполняются на хитах, рекомендуется перевести выполнение агентов на cron
2018-Jul-01 07:52:32 Параметры подключения к базе данных (check_dbconn_settings): Ok
Успешно
2018-Jul-01 07:52:32 Лишний вывод в файлах конфигурации (check_dbconn): Ok
Connection to admbitrix.local:80	Success

Успешно
2018-Jul-01 07:52:33 Сохранение сессии без UserAgent (check_session_ua): Ok
50% done
Connection to admbitrix.local:80	Success

2018-Jul-01 07:52:33 Сохранение сессии без UserAgent (check_session_ua): Ok
Connection to admbitrix.local:80	Success

Успешно
2018-Jul-01 07:52:33 Настройки сайтов (check_sites): Ok
Правильные
2018-Jul-01 07:52:34 Передача объектов по ссылке (check_clone): Ok
Успешно
2018-Jul-01 07:52:34 Размер стека и pcre.recursion_limit (check_pcre_recursion): Ok
Connection to admbitrix.local:80	Success

Успешно
2018-Jul-01 07:52:35 Загрузка файла (check_upload): Ok
Connection to admbitrix.local:80	Success

Успешно
2018-Jul-01 07:52:35 Загрузка файла больше 4Мб (check_upload_big): Ok
Connection to admbitrix.local:80	Success

Успешно
2018-Jul-01 07:52:35 Загрузка файла через php://input (check_upload_raw): Ok
Connection to admbitrix.local:80	Success

Успешно
2018-Jul-01 07:52:36 Передача POST запроса с большим числом параметров (check_post): Ok
Connection to admbitrix.local:80	Success

Успешно
2018-Jul-01 07:52:36 Отправка почты (check_mail): Fail
Ошибка! Не работает
2018-Jul-01 07:52:36 Отправка почтового сообщения больше 64Кб (check_mail_big): Fail
Ошибка! Не работает
2018-Jul-01 07:52:37 Проверка на наличие неотправленных сообщений (check_mail_b_event): Ok
Успешно
2018-Jul-01 07:52:37 Внутреннее перенаправление (функция LocalRedirect) (check_localredirect): Ok
50% done
Connection to admbitrix.local:80	Success

2018-Jul-01 07:52:37 Внутреннее перенаправление (функция LocalRedirect) (check_localredirect): Ok
Connection to admbitrix.local:80	Success

Успешно
2018-Jul-01 07:52:38 Фактическое ограничение памяти (check_memory_limit): Ok
20% done
Connection to admbitrix.local:80	Success

2018-Jul-01 07:52:38 Фактическое ограничение памяти (check_memory_limit): Ok
40% done
Connection to admbitrix.local:80	Success

2018-Jul-01 07:52:38 Фактическое ограничение памяти (check_memory_limit): Ok
60% done
Connection to admbitrix.local:80	Success

2018-Jul-01 07:52:39 Фактическое ограничение памяти (check_memory_limit): Ok
80% done
Connection to admbitrix.local:80	Success

2018-Jul-01 07:52:39 Фактическое ограничение памяти (check_memory_limit): Ok
Connection to admbitrix.local:80	Success

Не менее 256 М
2018-Jul-01 07:52:40 Работа с файлами кеша (check_cache): Ok
Успешно
2018-Jul-01 07:52:41 Доступ к серверу обновлений (check_update): Ok
Успешно
2018-Jul-01 07:52:42 HTTP авторизация (check_http_auth): Ok
Connection to admbitrix.local:80	Success

Успешно
2018-Jul-01 07:52:42 Создание и запуск файла (check_exec): Ok
Connection to admbitrix.local:80	Success

Успешно
2018-Jul-01 07:52:43 Функция getimagesize для swf (check_getimagesize): Warning
Замечание. File not found: D:/admbitrix/bitrix/modules/fileman/install/components/bitrix/player/mediaplayer/player
